# JRE version: OpenJDK Runtime Environment (8.0_242-b01) (build 1.8.0_242-release-1644-b01)
# Java VM: OpenJDK 64-Bit Server VM (25.242-b01 mixed mode windows-amd64 compressed oops)
Heap:
 PSYoungGen      total 294912K, used 247247K [0x00000000d5580000, 0x00000000eef80000, 0x0000000100000000)
  eden space 251904K, 86% used [0x00000000d5580000,0x00000000e2b15570,0x00000000e4b80000)
  from space 43008K, 66% used [0x00000000e8300000,0x00000000e9ede6d8,0x00000000ead00000)
  to   space 56832K, 0% used [0x00000000e4b80000,0x00000000e4b80000,0x00000000e8300000)
 ParOldGen       total 280576K, used 108784K [0x0000000080000000, 0x0000000091200000, 0x00000000d5580000)
  object space 280576K, 38% used [0x0000000080000000,0x0000000086a3c028,0x0000000091200000)
 Metaspace       used 127210K, capacity 134618K, committed 134720K, reserved 1165312K
  class space    used 17011K, capacity 18506K, committed 18560K, reserved 1048576K
GC Heap History (10 events):
Event: 264.874 GC heap before
{Heap before GC invocations=20 (full 4):
 PSYoungGen      total 246784K, used 210944K [0x00000000d5580000, 0x00000000e8700000, 0x0000000100000000)
  eden space 210944K, 100% used [0x00000000d5580000,0x00000000e2380000,0x00000000e2380000)
  from space 35840K, 0% used [0x00000000e2380000,0x00000000e2380000,0x00000000e4680000)
  to   space 34816K, 0% used [0x00000000e6500000,0x00000000e6500000,0x00000000e8700000)
 ParOldGen       total 280576K, used 61106K [0x0000000080000000, 0x0000000091200000, 0x00000000d5580000)
  object space 280576K, 21% used [0x0000000080000000,0x0000000083bac920,0x0000000091200000)
 Metaspace       used 103344K, capacity 108084K, committed 108736K, reserved 1142784K
  class space    used 13951K, capacity 14973K, committed 15104K, reserved 1048576K
Event: 264.890 GC heap after
Heap after GC invocations=20 (full 4):
 PSYoungGen      total 277504K, used 21237K [0x00000000d5580000, 0x00000000e8b00000, 0x0000000100000000)
  eden space 242688K, 0% used [0x00000000d5580000,0x00000000d5580000,0x00000000e4280000)
  from space 34816K, 61% used [0x00000000e6500000,0x00000000e79bd738,0x00000000e8700000)
  to   space 35328K, 0% used [0x00000000e4280000,0x00000000e4280000,0x00000000e6500000)
 ParOldGen       total 280576K, used 61114K [0x0000000080000000, 0x0000000091200000, 0x00000000d5580000)
  object space 280576K, 21% used [0x0000000080000000,0x0000000083bae920,0x0000000091200000)
 Metaspace       used 103344K, capacity 108084K, committed 108736K, reserved 1142784K
  class space    used 13951K, capacity 14973K, committed 15104K, reserved 1048576K
}
Event: 273.942 GC heap before
{Heap before GC invocations=21 (full 4):
 PSYoungGen      total 277504K, used 263925K [0x00000000d5580000, 0x00000000e8b00000, 0x0000000100000000)
  eden space 242688K, 100% used [0x00000000d5580000,0x00000000e4280000,0x00000000e4280000)
  from space 34816K, 61% used [0x00000000e6500000,0x00000000e79bd738,0x00000000e8700000)
  to   space 35328K, 0% used [0x00000000e4280000,0x00000000e4280000,0x00000000e6500000)
 ParOldGen       total 280576K, used 61114K [0x0000000080000000, 0x0000000091200000, 0x00000000d5580000)
  object space 280576K, 21% used [0x0000000080000000,0x0000000083bae920,0x0000000091200000)
 Metaspace       used 113672K, capacity 119036K, committed 119232K, reserved 1153024K
  class space    used 15084K, capacity 16257K, committed 16384K, reserved 1048576K
Event: 273.962 GC heap after
Heap after GC invocations=21 (full 4):
 PSYoungGen      total 278016K, used 35299K [0x00000000d5580000, 0x00000000ead00000, 0x0000000100000000)
  eden space 242688K, 0% used [0x00000000d5580000,0x00000000d5580000,0x00000000e4280000)
  from space 35328K, 99% used [0x00000000e4280000,0x00000000e64f8ea0,0x00000000e6500000)
  to   space 43008K, 0% used [0x00000000e8300000,0x00000000e8300000,0x00000000ead00000)
 ParOldGen       total 280576K, used 66697K [0x0000000080000000, 0x0000000091200000, 0x00000000d5580000)
  object space 280576K, 23% used [0x0000000080000000,0x00000000841226a8,0x0000000091200000)
 Metaspace       used 113672K, capacity 119036K, committed 119232K, reserved 1153024K
  class space    used 15084K, capacity 16257K, committed 16384K, reserved 1048576K
}
Event: 276.647 GC heap before
{Heap before GC invocations=22 (full 4):
 PSYoungGen      total 278016K, used 277987K [0x00000000d5580000, 0x00000000ead00000, 0x0000000100000000)
  eden space 242688K, 100% used [0x00000000d5580000,0x00000000e4280000,0x00000000e4280000)
  from space 35328K, 99% used [0x00000000e4280000,0x00000000e64f8ea0,0x00000000e6500000)
  to   space 43008K, 0% used [0x00000000e8300000,0x00000000e8300000,0x00000000ead00000)
 ParOldGen       total 280576K, used 66697K [0x0000000080000000, 0x0000000091200000, 0x00000000d5580000)
  object space 280576K, 23% used [0x0000000080000000,0x00000000841226a8,0x0000000091200000)
 Metaspace       used 119445K, capacity 125254K, committed 125376K, reserved 1157120K
  class space    used 15827K, capacity 17058K, committed 17152K, reserved 1048576K
Event: 276.696 GC heap after
Heap after GC invocations=22 (full 4):
 PSYoungGen      total 304128K, used 37630K [0x00000000d5580000, 0x00000000eb800000, 0x0000000100000000)
  eden space 261120K, 0% used [0x00000000d5580000,0x00000000d5580000,0x00000000e5480000)
  from space 43008K, 87% used [0x00000000e8300000,0x00000000ea7bf908,0x00000000ead00000)
  to   space 47616K, 0% used [0x00000000e5480000,0x00000000e5480000,0x00000000e8300000)
 ParOldGen       total 280576K, used 79116K [0x0000000080000000, 0x0000000091200000, 0x00000000d5580000)
  object space 280576K, 28% used [0x0000000080000000,0x0000000084d43380,0x0000000091200000)
 Metaspace       used 119445K, capacity 125254K, committed 125376K, reserved 1157120K
  class space    used 15827K, capacity 17058K, committed 17152K, reserved 1048576K
}
Event: 277.832 GC heap before
{Heap before GC invocations=23 (full 4):
 PSYoungGen      total 304128K, used 298750K [0x00000000d5580000, 0x00000000eb800000, 0x0000000100000000)
  eden space 261120K, 100% used [0x00000000d5580000,0x00000000e5480000,0x00000000e5480000)
  from space 43008K, 87% used [0x00000000e8300000,0x00000000ea7bf908,0x00000000ead00000)
  to   space 47616K, 0% used [0x00000000e5480000,0x00000000e5480000,0x00000000e8300000)
 ParOldGen       total 280576K, used 79116K [0x0000000080000000, 0x0000000091200000, 0x00000000d5580000)
  object space 280576K, 28% used [0x0000000080000000,0x0000000084d43380,0x0000000091200000)
 Metaspace       used 125097K, capacity 132080K, committed 132160K, reserved 1163264K
  class space    used 16820K, capacity 18233K, committed 18304K, reserved 1048576K
Event: 277.882 GC heap after
Heap after GC invocations=23 (full 4):
 PSYoungGen      total 308736K, used 47606K [0x00000000d5580000, 0x00000000eb800000, 0x0000000100000000)
  eden space 261120K, 0% used [0x00000000d5580000,0x00000000d5580000,0x00000000e5480000)
  from space 47616K, 99% used [0x00000000e5480000,0x00000000e82fda30,0x00000000e8300000)
  to   space 43008K, 0% used [0x00000000e8300000,0x00000000e8300000,0x00000000ead00000)
 ParOldGen       total 280576K, used 87503K [0x0000000080000000, 0x0000000091200000, 0x00000000d5580000)
  object space 280576K, 31% used [0x0000000080000000,0x0000000085573c08,0x0000000091200000)
 Metaspace       used 125097K, capacity 132080K, committed 132160K, reserved 1163264K
  class space    used 16820K, capacity 18233K, committed 18304K, reserved 1048576K
}
Event: 278.610 GC heap before
{Heap before GC invocations=24 (full 4):
 PSYoungGen      total 308736K, used 308726K [0x00000000d5580000, 0x00000000eb800000, 0x0000000100000000)
  eden space 261120K, 100% used [0x00000000d5580000,0x00000000e5480000,0x00000000e5480000)
  from space 47616K, 99% used [0x00000000e5480000,0x00000000e82fda30,0x00000000e8300000)
  to   space 43008K, 0% used [0x00000000e8300000,0x00000000e8300000,0x00000000ead00000)
 ParOldGen       total 280576K, used 87503K [0x0000000080000000, 0x0000000091200000, 0x00000000d5580000)
  object space 280576K, 31% used [0x0000000080000000,0x0000000085573c08,0x0000000091200000)
 Metaspace       used 127072K, capacity 134466K, committed 134720K, reserved 1165312K
  class space    used 16993K, capacity 18462K, committed 18560K, reserved 1048576K
Event: 278.650 GC heap after
Heap after GC invocations=24 (full 4):
 PSYoungGen      total 294912K, used 28537K [0x00000000d5580000, 0x00000000eef80000, 0x0000000100000000)
  eden space 251904K, 0% used [0x00000000d5580000,0x00000000d5580000,0x00000000e4b80000)
  from space 43008K, 66% used [0x00000000e8300000,0x00000000e9ede6d8,0x00000000ead00000)
  to   space 56832K, 0% used [0x00000000e4b80000,0x00000000e4b80000,0x00000000e8300000)
 ParOldGen       total 280576K, used 108784K [0x0000000080000000, 0x0000000091200000, 0x00000000d5580000)
  object space 280576K, 38% used [0x0000000080000000,0x0000000086a3c028,0x0000000091200000)
 Metaspace       used 127072K, capacity 134466K, committed 134720K, reserved 1165312K
  class space    used 16993K, capacity 18462K, committed 18560K, reserved 1048576K
}

